This is pdfTeX, Version 3.141592653-2.6-1.40.22 (TeX Live 2021/Arch Linux) (preloaded format=pdflatex 2021.12.17)  17 DEC 2021 12:42
entering extended mode
 restricted \write18 enabled.
 %&-line parsing enabled.
**1.tex
(./1.tex
LaTeX2e <2020-10-01> patch level 4
L3 programming layer <2021-02-18>
(/usr/share/texmf-dist/tex/latex/base/article.cls
Document Class: article 2020/04/10 v1.4m Standard LaTeX document class
(/usr/share/texmf-dist/tex/latex/base/size10.clo
File: size10.clo 2020/04/10 v1.4m Standard LaTeX file (size option)
)
\c@part=\count179
\c@section=\count180
\c@subsection=\count181
\c@subsubsection=\count182
\c@paragraph=\count183
\c@subparagraph=\count184
\c@figure=\count185
\c@table=\count186
\abovecaptionskip=\skip47
\belowcaptionskip=\skip48
\bibindent=\dimen138
)
(/usr/share/texmf-dist/tex/latex/base/inputenc.sty
Package: inputenc 2020/08/01 v1.3d Input encoding file
\inpenc@prehook=\toks15
\inpenc@posthook=\toks16
)
(/usr/share/texmf-dist/tex/generic/babel/babel.sty
Package: babel 2021/03/24 3.56 The Babel package

(/usr/share/texmf-dist/tex/generic/babel/babel.def
File: babel.def 2021/03/24 3.56 Babel common definitions
\babel@savecnt=\count187
\U@D=\dimen139
\l@babelnohyphens=\language87

(/usr/share/texmf-dist/tex/generic/babel/txtbabel.def)
\bbl@readstream=\read2
)
\bbl@dirlevel=\count188
Package babel Info: You haven't specified a language. I'll use 'nil'
(babel)             as the main language. Reported on input line 1160.

(/usr/share/texmf-dist/tex/generic/babel/nil.ldf
Language: nil 2021/03/24 3.56 Nil language
\l@nil=\language88
))
(/usr/share/texmf-dist/tex/latex/polski/polski.sty
Package: polski 2017/05/04 v1.3.4 Polish language package

   Inputenc package detected. Catcodes not changed.
   Switching to Polish text encoding and Polish maths fonts.
(/usr/share/texmf-dist/tex/latex/base/ot4enc.def
File: ot4enc.def 2020/08/10 v2.0s Standard LaTeX file
Now handling font encoding OT4 ...
... no UTF-8 mapping file for font encoding OT4
)
LaTeX Font Info:    Trying to load font information for OT4+cmr on input line 3
60.

(/usr/share/texmf-dist/tex/latex/polski/ot4cmr.fd
File: ot4cmr.fd 2008/02/24 v1.2.1 Font defs for fonts PL (MW)
)
LaTeX Font Info:    Overwriting math alphabet `\mathbf' in version `normal'
(Font)                  OT1/cmr/bx/n --> OT4/cmr/bx/n on input line 360.
LaTeX Font Info:    Overwriting math alphabet `\mathsf' in version `normal'
(Font)                  OT1/cmss/m/n --> OT4/cmss/m/n on input line 360.
LaTeX Font Info:    Overwriting math alphabet `\mathit' in version `normal'
(Font)                  OT1/cmr/m/it --> OT4/cmr/m/it on input line 360.
LaTeX Font Info:    Overwriting math alphabet `\mathtt' in version `normal'
(Font)                  OT1/cmtt/m/n --> OT4/cmtt/m/n on input line 360.
LaTeX Font Info:    Overwriting math alphabet `\mathsf' in version `bold'
(Font)                  OT1/cmss/bx/n --> OT4/cmss/bx/n on input line 360.
LaTeX Font Info:    Overwriting math alphabet `\mathit' in version `bold'
(Font)                  OT1/cmr/bx/it --> OT4/cmr/bx/it on input line 360.
LaTeX Font Info:    Encoding `OT1' has changed to `OT4' for symbol font
(Font)              `operators' in the math version `normal' on input line 360.

LaTeX Font Info:    Overwriting symbol font `operators' in version `normal'
(Font)                  OT1/cmr/m/n --> OT4/cmr/m/n on input line 360.
LaTeX Font Info:    Overwriting symbol font `letters' in version `normal'
(Font)                  OML/cmm/m/it --> OML/plm/m/it on input line 360.
LaTeX Font Info:    Overwriting symbol font `symbols' in version `normal'
(Font)                  OMS/cmsy/m/n --> OMS/plsy/m/n on input line 360.
LaTeX Font Info:    Overwriting symbol font `largesymbols' in version `normal'
(Font)                  OMX/cmex/m/n --> OMX/plex/m/n on input line 360.
LaTeX Font Info:    Encoding `OT1' has changed to `OT4' for symbol font
(Font)              `operators' in the math version `bold' on input line 360.
LaTeX Font Info:    Overwriting symbol font `operators' in version `bold'
(Font)                  OT1/cmr/bx/n --> OT4/cmr/bx/n on input line 360.
LaTeX Font Info:    Overwriting symbol font `letters' in version `bold'
(Font)                  OML/cmm/b/it --> OML/plm/b/it on input line 360.
LaTeX Font Info:    Overwriting symbol font `symbols' in version `bold'
(Font)                  OMS/cmsy/b/n --> OMS/plsy/b/n on input line 360.
)
(/usr/share/texmf-dist/tex/latex/float/float.sty
Package: float 2001/11/08 v1.3d Float enhancements (AL)
\c@float@type=\count189
\float@exts=\toks17
\float@box=\box47
\@float@everytoks=\toks18
\@floatcapt=\box48
)

! LaTeX Error: Missing \begin{document}.

See the LaTeX manual or LaTeX Companion for explanation.
Type  H <return>  for immediate help.
 ...                                              
                                                  
l.7 \maketitle
              
? quit
OK, entering \batchmode...
LaTeX Font Info:    Trying to load font information for OML+plm on input line 7
.
 (/usr/share/texmf-dist/tex/latex/polski/omlplm.fd
File: omlplm.fd 2008/02/24 v1.2.1 Font defs for fonts PL (MW)
)
LaTeX Font Info:    Trying to load font information for OMS+plsy on input line 
7.
 (/usr/share/texmf-dist/tex/latex/polski/omsplsy.fd
File: omsplsy.fd 2008/02/24 v1.2.1 Font defs for fonts PL (MW)
)
LaTeX Font Info:    Trying to load font information for OMX+plex on input line 
7.
 (/usr/share/texmf-dist/tex/latex/polski/omxplex.fd
File: omxplex.fd 2008/02/24 v1.2.1 Font defs for fonts PL (MW)
)
LaTeX Font Info:    External font `plex10' loaded for size
(Font)              <12> on input line 7.
LaTeX Font Info:    External font `plex10' loaded for size
(Font)              <8> on input line 7.
LaTeX Font Info:    External font `plex10' loaded for size
(Font)              <6> on input line 7.

LaTeX Warning: No \author given.


(/usr/share/texmf-dist/tex/latex/l3backend/l3backend-pdftex.def
File: l3backend-pdftex.def 2021-03-18 L3 backend support: PDF output (pdfTeX)
\l__color_backend_stack_int=\count190
\l__pdf_internal_box=\box49
) (./1.aux)
\openout1 = `1.aux'.

LaTeX Font Info:    Checking defaults for OML/cmm/m/it on input line 8.
LaTeX Font Info:    ... okay on input line 8.
LaTeX Font Info:    Checking defaults for OMS/cmsy/m/n on input line 8.
LaTeX Font Info:    ... okay on input line 8.
LaTeX Font Info:    Checking defaults for OT1/cmr/m/n on input line 8.
LaTeX Font Info:    ... okay on input line 8.
LaTeX Font Info:    Checking defaults for T1/cmr/m/n on input line 8.
LaTeX Font Info:    ... okay on input line 8.
LaTeX Font Info:    Checking defaults for TS1/cmr/m/n on input line 8.
LaTeX Font Info:    ... okay on input line 8.
LaTeX Font Info:    Checking defaults for OMX/cmex/m/n on input line 8.
LaTeX Font Info:    ... okay on input line 8.
LaTeX Font Info:    Checking defaults for U/cmr/m/n on input line 8.
LaTeX Font Info:    ... okay on input line 8.
LaTeX Font Info:    Checking defaults for OT4/cmr/m/n on input line 8.
LaTeX Font Info:    ... okay on input line 8.

Overfull \hbox (1.94783pt too wide) in paragraph at lines 10--10
[]\OT4/cmr/bx/n/14.4 Analiza wielowymiarowego obiektu sterowania
 []


Overfull \hbox (11.2484pt too wide) in paragraph at lines 36--39
\OT4/cmr/m/n/10 Analiza obiektów MIMO znacz¡co ró»ni sie od obiektów SISO pozna
nych wcze±niej.
 []


Overfull \hbox (1.50058pt too wide) in paragraph at lines 36--39
\OT4/cmr/m/n/10 Takie interakcje nazywamy równie» sprz¦»eniami skro±nymi w stru
kturze obiektu 
 []


Overfull \hbox (14.30286pt too wide) in paragraph at lines 47--47
[]\OT4/cmr/bx/n/14.4 Sporz¡dzanie modeli MIMO w przestrzeni stanu 
 []


Overfull \hbox (42.88972pt too wide) in paragraph at lines 54--58
[]\OT4/cmr/m/n/10 Podej±cie eksperymentalne polega na oddzielnym pobudzaniu syg
naªem harmonicznym
 []


Overfull \hbox (11.44524pt too wide) in paragraph at lines 54--58
\OT4/cmr/m/n/10 charakterystyk amplitudowo fazowych poszczególnych kanaªów prze
pªywu sygnaªu. 
 []

! Undefined control sequence.
<recently read> \includegraphics 
                                 
l.70 			\includegraphics
                        {GrafMasona.png}
The control sequence at the end of the top line
of your error message was never \def'ed. If you have
misspelled it (e.g., `\hobx'), type `I' and the correct
spelling (e.g., `I\hbox'). Otherwise just continue,
and I'll forget about whatever was undefined.


Overfull \hbox (14.48674pt too wide) in paragraph at lines 66--76
\OT4/cmr/m/n/10 danego wyj±cia obiektu. T¡ ±cie»k¦ ªatwo sobie zwizualizowa¢ na
 Grafie Sygnaªowym
 []

 [1

{/var/lib/texmf/fonts/map/pdftex/updmap/pdftex.map}]
Overfull \hbox (5.125pt too wide) in paragraph at lines 77--77
[]\OT4/cmr/bx/n/12 Sporz¡dzanie wªa±ciwego modelu obiektu w przestrzeni
 []


Overfull \hbox (5.19518pt too wide) in paragraph at lines 79--83
\OT4/cmr/m/n/10 dyskretne punkty charakterystyki amplitudowo-fazowej. Przebieg 
charakterystyki
 []

 [2]
LaTeX Font Info:    External font `plex10' loaded for size
(Font)              <10> on input line 96.
LaTeX Font Info:    External font `plex10' loaded for size
(Font)              <7> on input line 96.
LaTeX Font Info:    External font `plex10' loaded for size
(Font)              <5> on input line 96.

Overfull \hbox (38.02852pt too wide) in paragraph at lines 92--99
[]\OT4/cmr/m/n/10 Dla dynamiki niskiego rz¦du mniejszych od 4 istniej¡ stabelar
yzowane charakterystyki
 []


Overfull \hbox (2.19508pt too wide) in paragraph at lines 92--99
\OT4/cmr/m/n/10 modelowe, które porównujemy z rezultatem aproksymacji na zasadz
ie graficznego
 []


Overfull \hbox (21.66737pt too wide) in paragraph at lines 92--99
\OT4/cmr/m/n/10 podobie«stwa. Takie stwierdzenie podobie«stwa upowa»nia nas do 
podporz¡dkowania
 []


Overfull \hbox (13.77025pt too wide) in paragraph at lines 92--99
\OT4/cmr/m/n/10 posta¢ parametryczn¡ $\OML/plm/m/it/10 G\OT4/cmr/m/n/10 (\OML/p
lm/m/it/10 s\OT4/cmr/m/n/10 )$ oraz $\OML/plm/m/it/10 G\OT4/cmr/m/n/10 (\OML/pl
m/m/it/10 !j\OT4/cmr/m/n/10 )$. Dane transmitancje z tabeli maj¡ posiadaj¡
 []


Overfull \hbox (14.8063pt too wide) in paragraph at lines 105--107
\OT4/cmr/m/n/10 Dysponuj¡c konkretnym przebiegiem charakterystyki amplitudowo-f
azowej mo»emy
 []


Overfull \hbox (4.50066pt too wide) in paragraph at lines 105--107
\OT4/cmr/m/n/10 przyst¡pi¢ do wyznaczania nieznanych parametrów. Parametry mo»n
a wyznaczy¢ 
 []


Overfull \hbox (10.9451pt too wide) in paragraph at lines 110--114
[]\OT4/cmr/m/n/10 analitycznie, rozwi¡zuj¡c ukªad równa«. Po lewej stronie równ
ania wpisujemy
 []


Overfull \hbox (10.91733pt too wide) in paragraph at lines 110--114
\OT4/cmr/m/n/10 wstawiamy konkretne warto±ci dla których byª przeprowadzany eks
peryment. 
 []


Overfull \hbox (18.1951pt too wide) in paragraph at lines 117--123
\OT4/cmr/m/n/10 szumów w ukªadzie oraz szumów pomiarowych. Rezultatem »mudnego 
eksperymentu
 []


Overfull \hbox (3.77841pt too wide) in paragraph at lines 117--123
\OT4/cmr/m/n/10 jest niesparametryzowana posta¢ obiektu sterowania w postaci dy
skretnych tablic
 []


Overfull \hbox (24.80626pt too wide) in paragraph at lines 128--133
\OT4/cmr/m/n/10 wyj±cia, natomiast elementy poza diagonal¡ to s¡ wcze±niej wspo
mniane transmitancje
 []


Overfull \hbox (3.47275pt too wide) in paragraph at lines 134--136
[]\OT4/cmr/m/n/10 Ta macierz mo»e by¢ punktem wyj±cia do wyprowadzenia równa« w
 dziedzinie
 []

 [3]
Overfull \hbox (6.80623pt too wide) in paragraph at lines 142--144
[]\OT4/cmr/m/n/10 Stosuj¡c odwrotn¡ transformat¦ Laplace'a otrzymujemy równania
 ró»niczkowe
 []

! Missing $ inserted.
<inserted text> 
                $
l.149 		transmitancjach G_
                          {ij}(s) nie wystÄ™pujÄ… zera.
I've inserted a begin-math/end-math symbol since I think
you left one out. Proceed, with fingers crossed.


LaTeX Warning: Command \k invalid in math mode on input line 149.


LaTeX Warning: Command \k invalid in math mode on input line 149.


LaTeX Warning: Command \l invalid in math mode on input line 150.


LaTeX Warning: Command \' invalid in math mode on input line 150.


LaTeX Warning: Command \l invalid in math mode on input line 150.

! Missing $ inserted.
<inserted text> 
                $
l.151 
      
I've inserted a begin-math/end-math symbol since I think
you left one out. Proceed, with fingers crossed.

Missing character: There is no ¦ in font plmi10!
Missing character: There is no ¡ in font plmi10!
Missing character: There is no ª in font plmi10!
Missing character: There is no ó in font plmi10!
Missing character: There is no ª in font plmi10!

Overfull \hbox (22.7229pt too wide) in paragraph at lines 147--151
\OT4/cmr/m/n/10 Najcz¦±ciej mamy do czynienia z przypadkami, gdy w poszczególny
ch transmitancjach
 []


Overfull \hbox (17.13582pt too wide) in paragraph at lines 147--151
\OT4/cmr/m/n/10 G$[](\OML/plm/m/it/10 s\OT4/cmr/m/n/10 )\OML/plm/m/it/10 niewys
tpujzera:Wtedytakikanamastatycznywspczynnikwzmocnieniak[] \OT4/cmr/m/n/10 =
 []

 [4] (./1.aux) ) 
Here is how much of TeX's memory you used:
 1486 strings out of 478994
 21809 string characters out of 5864750
 328177 words of memory out of 5000000
 18993 multiletter control sequences out of 15000+600000
 412902 words of font info for 51 fonts, out of 8000000 for 9000
 1141 hyphenation exceptions out of 8191
 44i,6n,50p,183b,210s stack positions out of 5000i,500n,10000p,200000b,80000s
{/usr/share/texmf-dist/fonts/enc/dvips/pl/plms.enc}{/usr/share/
texmf-dist/fonts/enc/dvips/pl/plrm.enc}{/usr/share/texmf-dist/fonts/enc/dvips/p
l/plmi.enc}{/usr/share/texmf-dist/fonts/enc/dvips/cm-super/cm-super-ts1.enc}</u
sr/share/texmf-dist/fonts/type1/public/pl/plbx12.pfb></usr/share/texmf-dist/fon
ts/type1/public/pl/plmi10.pfb></usr/share/texmf-dist/fonts/type1/public/pl/plmi
7.pfb></usr/share/texmf-dist/fonts/type1/public/pl/plr10.pfb></usr/share/texmf-
dist/fonts/type1/public/pl/plr12.pfb></usr/share/texmf-dist/fonts/type1/public/
pl/plr17.pfb></usr/share/texmf-dist/fonts/type1/public/pl/plr7.pfb></usr/share/
texmf-dist/fonts/type1/public/pl/plsy10.pfb></usr/share/texmf-dist/fonts/type1/
public/pl/plsy7.pfb></usr/share/texmf-dist/fonts/type1/public/cm-super/sfrm1000
.pfb>
Output written on 1.pdf (4 pages, 67275 bytes).
PDF statistics:
 61 PDF objects out of 1000 (max. 8388607)
 44 compressed objects within 1 object stream
 0 named destinations out of 1000 (max. 500000)
 1 words of extra memory for PDF output out of 10000 (max. 10000000)

